<?xml version="1.0" encoding="UTF-8"?>
<!-- Generated by org.testng.reporters.JUnitReportReporter -->
<testsuite skipped="0" hostname="gahlaut-WX-2" name="com.appium.android.ScrollingToText" tests="1" failures="0" timestamp="27 Apr 2017 11:54:11 GMT" time="18.909" errors="0">
  <testcase name="ScrollToText" time="18.909" classname="com.appium.android.ScrollingToText"/>
</testsuite> <!-- com.appium.android.ScrollingToText -->
