<?xml version="1.0" encoding="UTF-8"?>
<!-- Generated by org.testng.reporters.JUnitReportReporter -->
<testsuite skipped="0" hostname="gahlaut-WX-2" name="com.appium.android.SwipeAction" tests="1" failures="0" timestamp="27 Apr 2017 11:24:09 GMT" time="4.453" errors="0">
  <testcase name="swipingHorizontal" time="4.453" classname="com.appium.android.SwipeAction"/>
</testsuite> <!-- com.appium.android.SwipeAction -->
