<?xml version="1.0" encoding="UTF-8"?>
<!-- Generated by org.testng.reporters.JUnitReportReporter -->
<testsuite skipped="0" hostname="gahlaut-WX-2" name="com.appium.android.ScrollToTab" tests="1" failures="0" timestamp="28 Apr 2017 10:06:00 GMT" time="22.164" errors="0">
  <testcase name="ScrollToTab" time="22.164" classname="com.appium.android.ScrollToTab"/>
</testsuite> <!-- com.appium.android.ScrollToTab -->
