<?xml version="1.0" encoding="UTF-8"?>
<!-- Generated by org.testng.reporters.JUnitReportReporter -->
<testsuite skipped="0" hostname="gahlaut-WX-2" name="com.appium.android.MTouchAction" tests="1" failures="0" timestamp="28 Apr 2017 10:32:59 GMT" time="10.919" errors="0">
  <testcase name="mTouchAction" time="10.919" classname="com.appium.android.MTouchAction"/>
</testsuite> <!-- com.appium.android.MTouchAction -->
