<?xml version="1.0" encoding="UTF-8"?>
<!-- Generated by org.testng.reporters.JUnitReportReporter -->
<testsuite skipped="0" hostname="gahlaut-WX-2" name="com.appium.android.DriverSwipe" tests="2" failures="0" timestamp="27 Apr 2017 11:12:30 GMT" time="21.906" errors="0">
  <testcase name="swipingVertical" time="11.216" classname="com.appium.android.DriverSwipe"/>
  <testcase name="swipingHorizontal" time="10.690" classname="com.appium.android.DriverSwipe"/>
</testsuite> <!-- com.appium.android.DriverSwipe -->
