<?xml version="1.0" encoding="UTF-8"?>
<!-- Generated by org.testng.reporters.JUnitReportReporter -->
<testsuite skipped="0" hostname="gahlaut-WX-2" name="com.appium.android.DragAndDropAction" tests="1" failures="0" timestamp="27 Apr 2017 10:56:34 GMT" time="3.961" errors="0">
  <testcase name="dragDrop" time="3.961" classname="com.appium.android.DragAndDropAction"/>
</testsuite> <!-- com.appium.android.DragAndDropAction -->
