<?xml version="1.0" encoding="UTF-8"?>
<!-- Generated by org.testng.reporters.JUnitReportReporter -->
<testsuite skipped="0" hostname="gahlaut-WX-2" name="com.appium.android.CalculatorTest" tests="1" failures="0" timestamp="27 Apr 2017 10:32:35 GMT" time="4.557" errors="0">
  <testcase name="Sum" time="4.557" classname="com.appium.android.CalculatorTest"/>
</testsuite> <!-- com.appium.android.CalculatorTest -->
